-------------------------------------------------------------------------------
Test set: TestSuite
-------------------------------------------------------------------------------
Tests run: 4, Failures: 1, Errors: 0, Skipped: 1, Time elapsed: 34.289 sec <<< FAILURE!
invalidPasswordLogin(com.hrms.testcases.LoginTest)  Time elapsed: 2.105 sec  <<< FAILURE!
java.lang.AssertionError: Error message text is not matched expected [Invalid credential] but found [Invalid credentials]
	at org.testng.Assert.fail(Assert.java:97)
	at org.testng.Assert.assertEqualsImpl(Assert.java:136)
	at org.testng.Assert.assertEquals(Assert.java:118)
	at org.testng.Assert.assertEquals(Assert.java:575)
	at com.hrms.testcases.LoginTest.invalidPasswordLogin(LoginTest.java:32)

